[16/09/2021, 14:59:14] - [WARN] - Attempting to register an invalid command object: [object Object]; skipping.
[16/09/2021, 14:59:14] - [WARN] - Attempting to register an invalid command object: [object Object]; skipping.
[16/09/2021, 14:59:14] - [WARN] - Attempting to register an invalid command object: [object Object]; skipping.
[16/09/2021, 14:59:14] - [INFO] - Je suis prêt !
[16/09/2021, 23:22:34] - [WARN] - Attempting to register an invalid command object: [object Object]; skipping.
[16/09/2021, 23:22:34] - [WARN] - Attempting to register an invalid command object: [object Object]; skipping.
[16/09/2021, 23:22:34] - [WARN] - Attempting to register an invalid command object: [object Object]; skipping.
[16/09/2021, 23:22:35] - [INFO] - Je suis prêt !
[16/09/2021, 23:24:00] - [WARN] - Attempting to register an invalid command object: [object Object]; skipping.
[16/09/2021, 23:24:00] - [WARN] - Attempting to register an invalid command object: [object Object]; skipping.
[16/09/2021, 23:24:00] - [WARN] - Attempting to register an invalid command object: [object Object]; skipping.
[16/09/2021, 23:24:01] - [INFO] - Je suis prêt !
[16/09/2021, 23:42:48] - [WARN] - Attempting to register an invalid command object: [object Object]; skipping.
[16/09/2021, 23:42:48] - [WARN] - Attempting to register an invalid command object: [object Object]; skipping.
[16/09/2021, 23:42:48] - [WARN] - Attempting to register an invalid command object: [object Object]; skipping.
[16/09/2021, 23:42:49] - [INFO] - Je suis prêt !
[16/09/2021, 23:43:41] - [WARN] - Attempting to register an invalid command object: [object Object]; skipping.
[16/09/2021, 23:43:41] - [WARN] - Attempting to register an invalid command object: [object Object]; skipping.
[16/09/2021, 23:43:41] - [WARN] - Attempting to register an invalid command object: [object Object]; skipping.
[16/09/2021, 23:43:42] - [INFO] - Je suis prêt !
[16/09/2021, 23:44:14] - [WARN] - Attempting to register an invalid command object: [object Object]; skipping.
[16/09/2021, 23:44:14] - [WARN] - Attempting to register an invalid command object: [object Object]; skipping.
[16/09/2021, 23:44:14] - [WARN] - Attempting to register an invalid command object: [object Object]; skipping.
[16/09/2021, 23:44:15] - [INFO] - Je suis prêt !
[16/09/2021, 23:44:33] - [WARN] - Attempting to register an invalid command object: [object Object]; skipping.
[16/09/2021, 23:44:33] - [WARN] - Attempting to register an invalid command object: [object Object]; skipping.
[16/09/2021, 23:44:33] - [WARN] - Attempting to register an invalid command object: [object Object]; skipping.
[16/09/2021, 23:44:34] - [INFO] - Je suis prêt !
[16/09/2021, 23:50:09] - [WARN] - Attempting to register an invalid command object: [object Object]; skipping.
[16/09/2021, 23:50:09] - [WARN] - Attempting to register an invalid command object: [object Object]; skipping.
[16/09/2021, 23:50:09] - [WARN] - Attempting to register an invalid command object: [object Object]; skipping.
[16/09/2021, 23:50:10] - [INFO] - Je suis prêt !
[16/09/2021, 23:52:28] - [WARN] - Attempting to register an invalid command object: [object Object]; skipping.
[16/09/2021, 23:52:28] - [WARN] - Attempting to register an invalid command object: [object Object]; skipping.
[16/09/2021, 23:52:28] - [WARN] - Attempting to register an invalid command object: [object Object]; skipping.
[16/09/2021, 23:52:29] - [INFO] - Je suis prêt !
[16/09/2021, 23:59:56] - [WARN] - Attempting to register an invalid command object: [object Object]; skipping.
[16/09/2021, 23:59:56] - [WARN] - Attempting to register an invalid command object: [object Object]; skipping.
[16/09/2021, 23:59:56] - [WARN] - Attempting to register an invalid command object: [object Object]; skipping.
[16/09/2021, 23:59:57] - [INFO] - Je suis prêt !
[17/09/2021, 00:12:13] - [WARN] - Attempting to register an invalid command object: [object Object]; skipping.
[17/09/2021, 00:12:13] - [WARN] - Attempting to register an invalid command object: [object Object]; skipping.
[17/09/2021, 00:12:13] - [WARN] - Attempting to register an invalid command object: [object Object]; skipping.
[17/09/2021, 00:12:14] - [INFO] - Je suis prêt !
[17/09/2021, 00:14:34] - [WARN] - Attempting to register an invalid command object: [object Object]; skipping.
[17/09/2021, 00:14:34] - [WARN] - Attempting to register an invalid command object: [object Object]; skipping.
[17/09/2021, 00:14:34] - [WARN] - Attempting to register an invalid command object: [object Object]; skipping.
[17/09/2021, 00:14:35] - [INFO] - Je suis prêt !
[18/10/2021, 17:35:11] - [ERROR] - Unexpected token '<<'
[18/10/2021, 17:36:56] - [ERROR] - Unexpected token '<<'
[18/10/2021, 19:14:26] - [ERROR] - Unexpected token '<<'
[18/10/2021, 19:20:29] - [ERROR] - Unexpected token '<<'
[18/10/2021, 19:28:05] - [ERROR] - Unexpected token '<<'
[18/10/2021, 19:28:46] - [ERROR] - Unexpected token '<<'
[18/10/2021, 19:33:52] - [WARN] - Attempting to register an invalid command object: [object Object]; skipping.
[18/10/2021, 19:33:52] - [WARN] - Attempting to register an invalid command object: [object Object]; skipping.
[18/10/2021, 19:33:52] - [WARN] - Attempting to register an invalid command object: [object Object]; skipping.
[18/10/2021, 19:33:53] - [INFO] - Je suis prêt !
[18/10/2021, 19:35:12] - [WARN] - Attempting to register an invalid command object: [object Object]; skipping.
[18/10/2021, 19:35:12] - [WARN] - Attempting to register an invalid command object: [object Object]; skipping.
[18/10/2021, 19:35:12] - [WARN] - Attempting to register an invalid command object: [object Object]; skipping.
[18/10/2021, 19:35:13] - [INFO] - Je suis prêt !
[18/10/2021, 19:37:33] - [WARN] - Attempting to register an invalid command object: [object Object]; skipping.
[18/10/2021, 19:37:33] - [WARN] - Attempting to register an invalid command object: [object Object]; skipping.
[18/10/2021, 19:37:33] - [ERROR] - Group "texte" is not registered.
[18/10/2021, 19:38:49] - [WARN] - Attempting to register an invalid command object: [object Object]; skipping.
[18/10/2021, 19:38:49] - [WARN] - Attempting to register an invalid command object: [object Object]; skipping.
[18/10/2021, 19:38:49] - [WARN] - Attempting to register an invalid command object: [object Object]; skipping.
[18/10/2021, 19:38:50] - [INFO] - Je suis prêt !
[18/10/2021, 19:41:13] - [WARN] - Attempting to register an invalid command object: [object Object]; skipping.
[18/10/2021, 19:41:13] - [WARN] - Attempting to register an invalid command object: [object Object]; skipping.
[18/10/2021, 19:41:13] - [WARN] - Attempting to register an invalid command object: [object Object]; skipping.
[18/10/2021, 19:41:13] - [INFO] - Je suis prêt !
[18/10/2021, 19:44:50] - [WARN] - Attempting to register an invalid command object: [object Object]; skipping.
[18/10/2021, 19:44:50] - [WARN] - Attempting to register an invalid command object: [object Object]; skipping.
[18/10/2021, 19:44:50] - [WARN] - Attempting to register an invalid command object: [object Object]; skipping.
[18/10/2021, 19:44:51] - [INFO] - Je suis prêt !
[${new Date().toLocaleString()}] - [${log.level.toUpperCase()}] - ${log.message}
[${new Date().toLocaleString()}] - [${log.level.toUpperCase()}] - ${log.message}
[${new Date().toLocaleString()}] - [${log.level.toUpperCase()}] - ${log.message}
[${new Date().toLocaleString()}] - [${log.level.toUpperCase()}] - ${log.message}
